{"numFailedTestSuites":0,"numFailedTests":0,"numPassedTestSuites":2,"numPassedTests":6,"numPendingTestSuites":0,"numPendingTests":0,"numRuntimeErrorTestSuites":0,"numTodoTests":0,"numTotalTestSuites":2,"numTotalTests":6,"openHandles":[],"snapshot":{"added":0,"didUpdate":false,"failure":false,"filesAdded":0,"filesRemoved":0,"filesRemovedList":[],"filesUnmatched":0,"filesUpdated":0,"matched":0,"total":0,"unchecked":0,"uncheckedKeysByFile":[],"unmatched":0,"updated":0},"startTime":1789642449106,"success":true,"testResults":[{"assertionResults":[{"ancestorTitles":["Signup"],"duration":2,"failing":false,"failureDetails":[],"failureMessages":[],"fullName":"Signup Successful signup","invocations":1,"location":null,"numPassingAsserts":3,"retryMessages":[],"retryReasons":[],"status":"passed","title":"Successful signup","startAt":1789642449485},{"ancestorTitles":["Duplicate Signup"],"duration":0,"failing":false,"failureDetails":[],"failureMessages":[],"fullName":"Duplicate Signup Duplicate signup should fail","invocations":1,"location":null,"numPassingAsserts":2,"retryMessages":[],"retryReasons":[],"status":"passed","title":"Duplicate signup should fail","startAt":1789642449489},{"ancestorTitles":["Login"],"duration":1,"failing":false,"failureDetails":[],"failureMessages":[],"fullName":"Login Successful login","invocations":1,"location":null,"numPassingAsserts":3,"retryMessages":[],"retryReasons":[],"status":"passed","title":"Successful login","startAt":1789642449490},{"ancestorTitles":["Invalid Password"],"duration":0,"failing":false,"failureDetails":[],"failureMessages":[],"fullName":"Invalid Password Login should fail with incorrect password","invocations":1,"location":null,"numPassingAsserts":2,"retryMessages":[],"retryReasons":[],"status":"passed","title":"Login should fail with incorrect password","startAt":1789642449492}],"endTime":1789642449494,"message":"","name":"C:\\Nisarga\\skill-lab-5th-sem\\testing-basics\\auth.test.js","startTime":1789642449326,"status":"passed","summary":""},{"assertionResults":[{"ancestorTitles":["Add feature of the calulator"],"duration":1,"failing":false,"failureDetails":[],"failureMessages":[],"fullName":"Add feature of the calulator Add two positive numbers","invocations":1,"location":null,"numPassingAsserts":1,"retryMessages":[],"retryReasons":[],"status":"passed","title":"Add two positive numbers","startAt":1789642449531},{"ancestorTitles":["Add feature of the calulator"],"duration":0,"failing":false,"failureDetails":[],"failureMessages":[],"fullName":"Add feature of the calulator Add 2 negative numbers","invocations":1,"location":null,"numPassingAsserts":1,"retryMessages":[],"retryReasons":[],"status":"passed","title":"Add 2 negative numbers","startAt":1789642449533}],"endTime":1789642449534,"message":"","name":"C:\\Nisarga\\skill-lab-5th-sem\\testing-basics\\calculator.test.js","startTime":1789642449500,"status":"passed","summary":""}],"wasInterrupted":false}
